0 info it worked if it ends with ok
1 verbose cli [ 'C:\\Program Files\\nodejs\\node.exe',
1 verbose cli   'C:\\Program Files\\nodejs\\node_modules\\npm\\bin\\npm-cli.js',
1 verbose cli   'help',
1 verbose cli   'config' ]
2 info using npm@2.14.20
3 info using node@v4.4.1
4 verbose stack Error: spawn cmd ENOENT
4 verbose stack     at exports._errnoException (util.js:870:11)
4 verbose stack     at Process.ChildProcess._handle.onexit (internal/child_process.js:178:32)
4 verbose stack     at onErrorNT (internal/child_process.js:344:16)
4 verbose stack     at nextTickCallbackWith2Args (node.js:442:9)
4 verbose stack     at process._tickCallback (node.js:356:17)
5 verbose cwd D:\Coursera
6 error Windows_NT 10.0.10240
7 error argv "C:\\Program Files\\nodejs\\node.exe" "C:\\Program Files\\nodejs\\node_modules\\npm\\bin\\npm-cli.js" "help" "config"
8 error node v4.4.1
9 error npm  v2.14.20
10 error path cmd
11 error code ENOENT
12 error errno ENOENT
13 error syscall spawn cmd
14 error enoent spawn cmd ENOENT
14 error enoent This is most likely not a problem with npm itself
14 error enoent and is related to npm not being able to find a file.
15 verbose exit [ 1, true ]
